{
  "RSpec": {
    "coverage": {
      "/Users/lisa/Desktop/Projects/Week10/Bank_tech_test/spec/bank_account_spec.rb": {
        "lines": [
          null,
          null,
          1,
          null,
          1,
          1,
          10,
          null,
          null,
          1,
          1,
          1,
          null,
          1,
          1,
          null,
          null,
          null,
          1,
          1,
          1,
          1,
          null,
          1,
          2,
          null,
          null,
          null,
          1,
          1,
          1,
          2,
          null,
          1,
          1,
          1,
          1,
          null,
          1,
          2,
          null,
          null,
          null,
          1,
          1,
          1,
          1,
          1,
          1,
          null,
          1,
          1,
          null,
          1,
          1,
          1,
          null,
          1,
          0,
          0,
          0,
          null,
          null,
          null,
          null
        ]
      },
      "/Users/lisa/Desktop/Projects/Week10/Bank_tech_test/lib/Bank_account.rb": {
        "lines": [
          null,
          null,
          1,
          1,
          1,
          10,
          10,
          null,
          null,
          1,
          6,
          1,
          null,
          null,
          5,
          null,
          null,
          1,
          5,
          1,
          null,
          4,
          null,
          3,
          null,
          null,
          1,
          2,
          2,
          2,
          2,
          2,
          2,
          2,
          1,
          null,
          null,
          1,
          null,
          2,
          null,
          2,
          2,
          null,
          null,
          1,
          null,
          1,
          8,
          8,
          8,
          null,
          null
        ]
      },
      "/Users/lisa/Desktop/Projects/Week10/Bank_tech_test/spec/transaction_spec.rb": {
        "lines": [
          1,
          null,
          1,
          1,
          1,
          null,
          null
        ]
      },
      "/Users/lisa/Desktop/Projects/Week10/Bank_tech_test/lib/transaction.rb": {
        "lines": [
          null,
          null,
          1,
          1,
          1,
          9,
          9,
          null,
          null
        ]
      }
    },
    "timestamp": 1612809264
  }
}
